#
# There is insufficient memory for the Java Runtime Environment to continue.
# Native memory allocation (mmap) failed to map 257949696 bytes for Failed to commit area from 0x000000070a400000 to 0x0000000719a00000 of length 257949696.
# Possible reasons:
#   The system is out of physical RAM or swap space
#   The process is running with CompressedOops enabled, and the Java Heap may be blocking the growth of the native heap
# Possible solutions:
#   Reduce memory load on the system
#   Increase physical memory or swap space
#   Check if swap backing store is full
#   Decrease Java heap size (-Xmx/-Xms)
#   Decrease number of Java threads
#   Decrease Java thread stack sizes (-Xss)
#   Set larger code cache with -XX:ReservedCodeCacheSize=
# This output file may be truncated or incomplete.
#
#  Out of Memory Error (./src/hotspot/os/windows/os_windows.cpp:3387), pid=4272, tid=31868
#
# JRE version:  (11.0.14.1+1) (build )
# Java VM: OpenJDK 64-Bit Server VM (11.0.14.1+1, mixed mode, sharing, tiered, compressed oops, g1 gc, windows-amd64)
# No core dump will be written. Minidumps are not enabled by default on client versions of Windows
#

---------------  S U M M A R Y ------------

Command Line: -Dfile.encoding=UTF-8 

Host: AMD Ryzen 5 5625U with Radeon Graphics         , 12 cores, 15G,  Windows 11 , 64 bit Build 22621 (10.0.22621.3672)
Time: Wed Jun 26 10:42:39 2024 SE Asia Standard Time elapsed time: 0.009213 seconds (0d 0h 0m 0s)

---------------  T H R E A D  ---------------

Current thread (0x000002612b6c2000):  JavaThread "Unknown thread" [_thread_in_vm, id=31868, stack(0x0000006e73700000,0x0000006e73800000)]

Stack: [0x0000006e73700000,0x0000006e73800000]
Native frames: (J=compiled Java code, j=interpreted, Vv=VM code, C=native code)
V  [jvm.dll+0x61e59a]
V  [jvm.dll+0x7aaca9]
V  [jvm.dll+0x7ac398]
V  [jvm.dll+0x7aca73]
V  [jvm.dll+0x24f9b8]
V  [jvm.dll+0x61b83a]
V  [jvm.dll+0x6100c5]
V  [jvm.dll+0x30772c]
V  [jvm.dll+0x3075b2]
V  [jvm.dll+0x30c2d6]
V  [jvm.dll+0x35272f]
V  [jvm.dll+0x352160]
V  [jvm.dll+0x2e4728]
V  [jvm.dll+0x2e5886]
V  [jvm.dll+0x784b07]
V  [jvm.dll+0x78628f]
V  [jvm.dll+0x35f479]
V  [jvm.dll+0x767aa0]
V  [jvm.dll+0x3ccf1f]
V  [jvm.dll+0x3cf2b1]
C  [jli.dll+0x5207]
C  [ucrtbase.dll+0x29333]
C  [KERNEL32.DLL+0x1257d]
C  [ntdll.dll+0x5af28]


---------------  P R O C E S S  ---------------

Threads class SMR info:
_java_thread_list=0x000002612b477e60, length=0, elements={
}

Java Threads: ( => current thread )

Other Threads:
  0x000002612b6da000 GCTaskThread "GC Thread#0" [stack: 0x0000006e73800000,0x0000006e73900000] [id=31888]
  0x000002612b738000 ConcurrentGCThread "G1 Main Marker" [stack: 0x0000006e73900000,0x0000006e73a00000] [id=32112]
  0x000002612b739800 ConcurrentGCThread "G1 Conc#0" [stack: 0x0000006e73a00000,0x0000006e73b00000] [id=14124]

[error occurred during error reporting (printing all threads), id 0xc0000005, EXCEPTION_ACCESS_VIOLATION (0xc0000005) at pc=0x00007ff86d7b3ef7]

VM state:not at safepoint (not fully initialized)

VM Mutex/Monitor currently owned by a thread:  ([mutex/lock_event])
[0x000002612b6be610] Heap_lock - owner thread: 0x000002612b6c2000

Heap address: 0x000000070a400000, size: 3932 MB, Compressed Oops mode: Non-zero based: 0x000000070a400000
Narrow klass base: 0x0000000000000000, Narrow klass shift: 0

GC Heap History (0 events):
No events

Deoptimization events (0 events):
No events

Classes redefined (0 events):
No events

Internal exceptions (0 events):
No events

Events (1 events):
Event: 0.006 Loaded shared library C:\Program Files\Unity\Hub\Editor\2022.3.29f1\Editor\Data\PlaybackEngines\AndroidPlayer\OpenJDK\bin\zip.dll


Dynamic libraries:
0x00007ff6181b0000 - 0x00007ff6181bd000 	C:\Program Files\Unity\Hub\Editor\2022.3.29f1\Editor\Data\PlaybackEngines\AndroidPlayer\OpenJDK\bin\java.exe
0x00007ff911f10000 - 0x00007ff912127000 	C:\WINDOWS\SYSTEM32\ntdll.dll
0x00007ff910ea0000 - 0x00007ff910f64000 	C:\WINDOWS\System32\KERNEL32.DLL
0x00007ff90f360000 - 0x00007ff90f70c000 	C:\WINDOWS\System32\KERNELBASE.dll
0x00007ff90f770000 - 0x00007ff90f881000 	C:\WINDOWS\System32\ucrtbase.dll
0x00007ff8c0d70000 - 0x00007ff8c0d87000 	C:\Program Files\Unity\Hub\Editor\2022.3.29f1\Editor\Data\PlaybackEngines\AndroidPlayer\OpenJDK\bin\jli.dll
0x00007ff8c0d50000 - 0x00007ff8c0d65000 	C:\Program Files\Unity\Hub\Editor\2022.3.29f1\Editor\Data\PlaybackEngines\AndroidPlayer\OpenJDK\bin\VCRUNTIME140.dll
0x00007ff911a80000 - 0x00007ff911c2e000 	C:\WINDOWS\System32\USER32.dll
0x00007ff8fc690000 - 0x00007ff8fc923000 	C:\WINDOWS\WinSxS\amd64_microsoft.windows.common-controls_6595b64144ccf1df_6.0.22621.3672_none_2713b9d173822955\COMCTL32.dll
0x00007ff90f740000 - 0x00007ff90f766000 	C:\WINDOWS\System32\win32u.dll
0x00007ff910f80000 - 0x00007ff911027000 	C:\WINDOWS\System32\msvcrt.dll
0x00007ff910110000 - 0x00007ff910139000 	C:\WINDOWS\System32\GDI32.dll
0x00007ff90f240000 - 0x00007ff90f359000 	C:\WINDOWS\System32\gdi32full.dll
0x00007ff90fbb0000 - 0x00007ff90fc4a000 	C:\WINDOWS\System32\msvcp_win.dll
0x00007ff910e60000 - 0x00007ff910e91000 	C:\WINDOWS\System32\IMM32.DLL
0x00007ff8c0cb0000 - 0x00007ff8c0d4b000 	C:\Program Files\Unity\Hub\Editor\2022.3.29f1\Editor\Data\PlaybackEngines\AndroidPlayer\OpenJDK\bin\msvcp140.dll
0x00007ff86d4c0000 - 0x00007ff86e041000 	C:\Program Files\Unity\Hub\Editor\2022.3.29f1\Editor\Data\PlaybackEngines\AndroidPlayer\OpenJDK\bin\server\jvm.dll
0x00007ff90fe60000 - 0x00007ff90ff12000 	C:\WINDOWS\System32\ADVAPI32.dll
0x00007ff910230000 - 0x00007ff9102da000 	C:\WINDOWS\System32\sechost.dll
0x00007ff90f710000 - 0x00007ff90f738000 	C:\WINDOWS\System32\bcrypt.dll
0x00007ff90fcd0000 - 0x00007ff90fde5000 	C:\WINDOWS\System32\RPCRT4.dll
0x00007ff910f70000 - 0x00007ff910f78000 	C:\WINDOWS\System32\PSAPI.DLL
0x00007ff8dad70000 - 0x00007ff8dad79000 	C:\WINDOWS\SYSTEM32\WSOCK32.dll
0x00007ff907f30000 - 0x00007ff907f3a000 	C:\WINDOWS\SYSTEM32\VERSION.dll
0x00007ff910140000 - 0x00007ff9101b1000 	C:\WINDOWS\System32\WS2_32.dll
0x00007ff90a0f0000 - 0x00007ff90a124000 	C:\WINDOWS\SYSTEM32\WINMM.dll
0x00007ff90e190000 - 0x00007ff90e1a8000 	C:\WINDOWS\SYSTEM32\kernel.appcore.dll
0x00007ff8c1a00000 - 0x00007ff8c1a10000 	C:\Program Files\Unity\Hub\Editor\2022.3.29f1\Editor\Data\PlaybackEngines\AndroidPlayer\OpenJDK\bin\verify.dll
0x00007ff90cb80000 - 0x00007ff90cdb2000 	C:\WINDOWS\SYSTEM32\DBGHELP.DLL
0x00007ff9116f0000 - 0x00007ff911a78000 	C:\WINDOWS\System32\combase.dll
0x00007ff910020000 - 0x00007ff9100f7000 	C:\WINDOWS\System32\OLEAUT32.dll
0x00007ff8fa940000 - 0x00007ff8fa972000 	C:\WINDOWS\SYSTEM32\dbgcore.DLL
0x00007ff90f890000 - 0x00007ff90f90b000 	C:\WINDOWS\System32\bcryptPrimitives.dll
0x00007ff8c0c80000 - 0x00007ff8c0ca8000 	C:\Program Files\Unity\Hub\Editor\2022.3.29f1\Editor\Data\PlaybackEngines\AndroidPlayer\OpenJDK\bin\java.dll
0x00007ff8c0fd0000 - 0x00007ff8c0fda000 	C:\Program Files\Unity\Hub\Editor\2022.3.29f1\Editor\Data\PlaybackEngines\AndroidPlayer\OpenJDK\bin\jimage.dll
0x00007ff8c0c60000 - 0x00007ff8c0c78000 	C:\Program Files\Unity\Hub\Editor\2022.3.29f1\Editor\Data\PlaybackEngines\AndroidPlayer\OpenJDK\bin\zip.dll

dbghelp: loaded successfully - version: 4.0.5 - missing functions: none
symbol engine: initialized successfully - sym options: 0x614 - pdb path: .;C:\Program Files\Unity\Hub\Editor\2022.3.29f1\Editor\Data\PlaybackEngines\AndroidPlayer\OpenJDK\bin;C:\WINDOWS\SYSTEM32;C:\WINDOWS\WinSxS\amd64_microsoft.windows.common-controls_6595b64144ccf1df_6.0.22621.3672_none_2713b9d173822955;C:\Program Files\Unity\Hub\Editor\2022.3.29f1\Editor\Data\PlaybackEngines\AndroidPlayer\OpenJDK\bin\server

VM Arguments:
jvm_args: -Dfile.encoding=UTF-8 
java_command: <unknown>
java_class_path (initial): <not set>
Launcher Type: SUN_STANDARD

[Global flags]
     intx CICompilerCount                          = 4                                         {product} {ergonomic}
     uint ConcGCThreads                            = 3                                         {product} {ergonomic}
     uint G1ConcRefinementThreads                  = 10                                        {product} {ergonomic}
   size_t G1HeapRegionSize                         = 1048576                                   {product} {ergonomic}
    uintx GCDrainStackTargetSize                   = 64                                        {product} {ergonomic}
   size_t InitialHeapSize                          = 257949696                                 {product} {ergonomic}
   size_t MarkStackSize                            = 4194304                                   {product} {ergonomic}
   size_t MaxHeapSize                              = 4123000832                                {product} {ergonomic}
   size_t MinHeapDeltaBytes                        = 1048576                                   {product} {ergonomic}
    uintx NonNMethodCodeHeapSize                   = 5836300                                {pd product} {ergonomic}
    uintx NonProfiledCodeHeapSize                  = 122910970                              {pd product} {ergonomic}
    uintx ProfiledCodeHeapSize                     = 122910970                              {pd product} {ergonomic}
    uintx ReservedCodeCacheSize                    = 251658240                              {pd product} {ergonomic}
     bool SegmentedCodeCache                       = true                                      {product} {ergonomic}
     bool UseCompressedClassPointers               = true                                 {lp64_product} {ergonomic}
     bool UseCompressedOops                        = true                                 {lp64_product} {ergonomic}
     bool UseG1GC                                  = true                                      {product} {ergonomic}
     bool UseLargePagesIndividualAllocation        = false                                  {pd product} {ergonomic}

Logging:
Log output configuration:
 #0: stdout all=warning uptime,level,tags
 #1: stderr all=off uptime,level,tags

Environment Variables:
JAVA_HOME=C:\Program Files\Unity\Hub\Editor\2022.3.29f1\Editor\Data\PlaybackEngines\AndroidPlayer\OpenJDK
JAVA_TOOL_OPTIONS=-Dfile.encoding=UTF-8
PATH=C:\Program Files (x86)\VMware\VMware Player\bin\;C:\Python312\Scripts\;C:\Python312\;C:\Program Files\Microsoft MPI\Bin\;C:\Program Files\Common Files\Oracle\Java\javapath;C:\Program Files (x86)\Common Files\Oracle\Java\javapath;C:\Windows\system32;C:\Windows;C:\Windows\System32\Wbem;C:\Windows\System32\WindowsPowerShell\v1.0\;C:\Windows\System32\OpenSSH\;C:\Program Files (x86)\NVIDIA Corporation\PhysX\Common;C:\Program Files\NVIDIA Corporation\NVIDIA NvDLISR;C:\WINDOWS\system32;C:\WINDOWS;C:\WINDOWS\System32\Wbem;C:\WINDOWS\System32\WindowsPowerShell\v1.0\;C:\WINDOWS\System32\OpenSSH\;C:\Program Files\Git\cmd;C:\Program Files\Microsoft SQL Server\150\Tools\Binn\;C:\Program Files\Microsoft SQL Server\Client SDK\ODBC\170\Tools\Binn\;C:\Program Files\dotnet\;C:\Program Files (x86)\Microsoft SQL Server\160\Tools\Binn\;C:\Program Files\Microsoft SQL Server\160\Tools\Binn\;C:\Program Files\Microsoft SQL Server\160\DTS\Binn\;C:\Program Files (x86)\Microsoft SQL Server\160\DTS\Binn\;C:\Program Files\Azure Data Studio\bin;C:\Program Files\nodejs\;C:\ProgramData\chocolatey\bin;C:\Program Files\apache-maven-3.9.6\bin;C:\Program Files\Java\jdk-20\bin;C:\Python312;C:\msys64\ucrt64\bin;C:\Fultter\flutter_windows_3.19.3-stable\flutter\bin;C:\Program Files\MongoDB\Server\7.0\bin;;C:\Program Files\Docker\Docker\resources\bin;C:\Program Files\Cloudflare\Cloudflare WARP\;C:\Users\ChiAnh\AppData\Local\Microsoft\WindowsApps;C:\Users\ChiAnh\AppData\Local\Programs\Microsoft VS Code\bin;C:\Users\ChiAnh\AppData\Local\GitHubDesktop\bin;C:\Users\ChiAnh\.dotnet\tools;C:\Program Files\Azure Data Studio\bin;C:\Users\ChiAnh\AppData\Roaming\npm;
USERNAME=ChiAnh
OS=Windows_NT
PROCESSOR_IDENTIFIER=AMD64 Family 25 Model 80 Stepping 0, AuthenticAMD



---------------  S Y S T E M  ---------------

OS: Windows 11 , 64 bit Build 22621 (10.0.22621.3672)
OS uptime: 3 days 13:21 hours
Hyper-V role detected

CPU:total 12 (initial active 12) (12 cores per cpu, 2 threads per core) family 25 model 80 stepping 0 microcode 0x0, cmov, cx8, fxsr, mmx, sse, sse2, sse3, ssse3, sse4.1, sse4.2, popcnt, avx, avx2, aes, clmul, erms, mmxext, 3dnowpref, lzcnt, sse4a, ht, tsc, tscinvbit, tscinv, bmi1, bmi2, adx, sha, fma

Memory: 4k page, system-wide physical 15724M (2468M free)
TotalPageFile size 23916M (AvailPageFile size 37M)
current process WorkingSet (physical memory assigned to process): 11M, peak: 11M
current process commit charge ("private bytes"): 65M, peak: 311M

vm_info: OpenJDK 64-Bit Server VM (11.0.14.1+1) for windows-amd64 JRE (11.0.14.1+1), built on Feb  9 2022 01:48:27 by "" with unknown MS VC++:1916

END.
